
*** Running vivado
    with args -log dist_mem_gen_2.vds -m64 -product Vivado -mode batch -messageDb vivado.pb -notrace -source dist_mem_gen_2.tcl


****** Vivado v2016.4 (64-bit)
  **** SW Build 1756540 on Mon Jan 23 19:11:23 MST 2017
  **** IP Build 1755317 on Mon Jan 23 20:30:07 MST 2017
    ** Copyright 1986-2016 Xilinx, Inc. All Rights Reserved.

source dist_mem_gen_2.tcl -notrace
Starting RTL Elaboration : Time (s): cpu = 00:00:10 ; elapsed = 00:00:12 . Memory (MB): peak = 344.094 ; gain = 134.621
INFO: [Synth 8-638] synthesizing module 'dist_mem_gen_2' [f:/VivadoProject/ComputerSystem/ComputerSystem.srcs/sources_1/ip/dist_mem_gen_2/synth/dist_mem_gen_2.vhd:67]
INFO: [Synth 8-256] done synthesizing module 'dist_mem_gen_2' (4#1) [f:/VivadoProject/ComputerSystem/ComputerSystem.srcs/sources_1/ip/dist_mem_gen_2/synth/dist_mem_gen_2.vhd:67]
Finished RTL Elaboration : Time (s): cpu = 00:00:15 ; elapsed = 00:00:18 . Memory (MB): peak = 416.398 ; gain = 206.926
Finished RTL Optimization Phase 1 : Time (s): cpu = 00:00:15 ; elapsed = 00:00:18 . Memory (MB): peak = 416.398 ; gain = 206.926
INFO: [Device 21-403] Loading part xc7a35tcpg236-1
Constraint Validation Runtime : Time (s): cpu = 00:00:00 ; elapsed = 00:00:00.011 . Memory (MB): peak = 634.012 ; gain = 0.000
Finished Constraint Validation : Time (s): cpu = 00:00:24 ; elapsed = 00:00:28 . Memory (MB): peak = 634.012 ; gain = 424.539
Finished Loading Part and Timing Information : Time (s): cpu = 00:00:24 ; elapsed = 00:00:28 . Memory (MB): peak = 634.012 ; gain = 424.539
Finished applying 'set_property' XDC Constraints : Time (s): cpu = 00:00:24 ; elapsed = 00:00:28 . Memory (MB): peak = 634.012 ; gain = 424.539
Finished RTL Optimization Phase 2 : Time (s): cpu = 00:00:24 ; elapsed = 00:00:28 . Memory (MB): peak = 634.012 ; gain = 424.539
Finished Cross Boundary and Area Optimization : Time (s): cpu = 00:00:25 ; elapsed = 00:00:29 . Memory (MB): peak = 634.012 ; gain = 424.539
---------------------------------------------------------------------------------
Start ROM, RAM, DSP and Shift Register Reporting
---------------------------------------------------------------------------------

ROM:
+---------------------+-------------------------------------------------------+---------------+----------------+
|Module Name          | RTL Object                                            | Depth x Width | Implemented As | 
+---------------------+-------------------------------------------------------+---------------+----------------+
|rom                  | rom[255]                                              | 256x16        | LUT            | 
|dist_mem_gen_v8_0_11 | synth_options.dist_mem_inst/gen_rom.rom_inst/rom[255] | 256x16        | LUT            | 
+---------------------+-------------------------------------------------------+---------------+----------------+

---------------------------------------------------------------------------------
Finished ROM, RAM, DSP and Shift Register Reporting
---------------------------------------------------------------------------------
Finished Applying XDC Timing Constraints : Time (s): cpu = 00:00:36 ; elapsed = 00:00:40 . Memory (MB): peak = 634.012 ; gain = 424.539
Finished Timing Optimization : Time (s): cpu = 00:00:36 ; elapsed = 00:00:40 . Memory (MB): peak = 634.012 ; gain = 424.539
Finished Technology Mapping : Time (s): cpu = 00:00:36 ; elapsed = 00:00:40 . Memory (MB): peak = 634.012 ; gain = 424.539
Finished IO Insertion : Time (s): cpu = 00:00:37 ; elapsed = 00:00:41 . Memory (MB): peak = 634.012 ; gain = 424.539
Finished Renaming Generated Instances : Time (s): cpu = 00:00:37 ; elapsed = 00:00:41 . Memory (MB): peak = 634.012 ; gain = 424.539
Finished Rebuilding User Hierarchy : Time (s): cpu = 00:00:37 ; elapsed = 00:00:41 . Memory (MB): peak = 634.012 ; gain = 424.539
Finished Renaming Generated Ports : Time (s): cpu = 00:00:37 ; elapsed = 00:00:41 . Memory (MB): peak = 634.012 ; gain = 424.539
Finished Handling Custom Attributes : Time (s): cpu = 00:00:37 ; elapsed = 00:00:41 . Memory (MB): peak = 634.012 ; gain = 424.539
Finished Renaming Generated Nets : Time (s): cpu = 00:00:37 ; elapsed = 00:00:41 . Memory (MB): peak = 634.012 ; gain = 424.539

Report Cell Usage: 
+------+------+------+
|      |Cell  |Count |
+------+------+------+
|1     |LUT4  |     1|
|2     |LUT5  |     5|
|3     |LUT6  |    54|
|4     |MUXF7 |    18|
|5     |MUXF8 |     9|
|6     |FDRE  |     8|
+------+------+------+
Finished Writing Synthesis Report : Time (s): cpu = 00:00:37 ; elapsed = 00:00:41 . Memory (MB): peak = 634.012 ; gain = 424.539
synth_design: Time (s): cpu = 00:00:32 ; elapsed = 00:00:35 . Memory (MB): peak = 658.332 ; gain = 391.547
