#-----------------------------------------------------------
# Vivado v2016.4 (64-bit)
# SW Build 1756540 on Mon Jan 23 19:11:23 MST 2017
# IP Build 1755317 on Mon Jan 23 20:30:07 MST 2017
# Start of session at: Mon Oct 23 12:03:46 2017
# Process ID: 4616
# Current directory: F:/VivadoProject/ComputerSystem
# Command line: vivado.exe -gui_launcher_event rodinguilauncherevent6664 F:\VivadoProject\ComputerSystem\ComputerSystem.xpr
# Log file: F:/VivadoProject/ComputerSystem/vivado.log
# Journal file: F:/VivadoProject/ComputerSystem\vivado.jou
#-----------------------------------------------------------
start_gui
open_project F:/VivadoProject/ComputerSystem/ComputerSystem.xpr
Scanning sources...
Finished scanning sources
INFO: [IP_Flow 19-234] Refreshing IP repositories
INFO: [IP_Flow 19-1700] Loaded user IP repository 'f:/VivadoProject/Vivado_IP/74LSXX_LIB'.
INFO: [IP_Flow 19-1700] Loaded user IP repository 'f:/VivadoProject/Vivado_IP/XUP_LIB'.
INFO: [IP_Flow 19-2313] Loaded Vivado IP repository 'E:/Vivado/install/Vivado/2016.4/data/ip'.
open_project: Time (s): cpu = 00:00:14 ; elapsed = 00:00:11 . Memory (MB): peak = 825.238 ; gain = 158.418
exit
INFO: [Common 17-206] Exiting Vivado at Mon Oct 23 12:04:33 2017...
