#-----------------------------------------------------------
# Vivado v2016.4 (64-bit)
# SW Build 1756540 on Mon Jan 23 19:11:23 MST 2017
# IP Build 1755317 on Mon Jan 23 20:30:07 MST 2017
# Start of session at: Thu Nov 09 09:49:59 2017
# Process ID: 5620
# Current directory: F:/VivadoProject/ComputerSystem
# Command line: vivado.exe -gui_launcher_event rodinguilauncherevent3224 F:\VivadoProject\ComputerSystem\ComputerSystem.xpr
# Log file: F:/VivadoProject/ComputerSystem/vivado.log
# Journal file: F:/VivadoProject/ComputerSystem\vivado.jou
#-----------------------------------------------------------
start_gui
open_project F:/VivadoProject/ComputerSystem/ComputerSystem.xpr
Scanning sources...
Finished scanning sources
INFO: [IP_Flow 19-234] Refreshing IP repositories
INFO: [IP_Flow 19-1700] Loaded user IP repository 'f:/VivadoProject/Vivado_IP/74LSXX_LIB'.
INFO: [IP_Flow 19-1700] Loaded user IP repository 'f:/VivadoProject/Vivado_IP/XUP_LIB'.
INFO: [IP_Flow 19-2313] Loaded Vivado IP repository 'E:/Vivado/install/Vivado/2016.4/data/ip'.
open_project: Time (s): cpu = 00:00:21 ; elapsed = 00:00:32 . Memory (MB): peak = 821.863 ; gain = 156.527
remove_files  F:/VivadoProject/ComputerSystem/ComputerSystem.srcs/sources_1/new/ComputerSystem1.v
file delete -force F:/VivadoProject/ComputerSystem/ComputerSystem.srcs/sources_1/new/ComputerSystem1.v
remove_files  F:/VivadoProject/ComputerSystem/ComputerSystem.srcs/sources_1/new/test.v
file delete -force F:/VivadoProject/ComputerSystem/ComputerSystem.srcs/sources_1/new/test.v
remove_files  F:/VivadoProject/ComputerSystem/ComputerSystem.srcs/sources_1/new/UART_test.v
file delete -force F:/VivadoProject/ComputerSystem/ComputerSystem.srcs/sources_1/new/UART_test.v
remove_files  F:/VivadoProject/ComputerSystem/ComputerSystem.srcs/sources_1/new/lpm_rom_256_16.v
file delete -force F:/VivadoProject/ComputerSystem/ComputerSystem.srcs/sources_1/new/lpm_rom_256_16.v
remove_files  F:/VivadoProject/ComputerSystem/ComputerSystem.srcs/sources_1/new/MUX_2bit.v
file delete -force F:/VivadoProject/ComputerSystem/ComputerSystem.srcs/sources_1/new/MUX_2bit.v
remove_files  F:/VivadoProject/ComputerSystem/ComputerSystem.srcs/sources_1/new/MUX_8bit.v
file delete -force F:/VivadoProject/ComputerSystem/ComputerSystem.srcs/sources_1/new/MUX_8bit.v
exit
INFO: [Common 17-206] Exiting Vivado at Thu Nov 09 09:56:12 2017...
