Copyright 1986-2016 Xilinx, Inc. All Rights Reserved.
-------------------------------------------------------------------------------------------------------------------------------------------------------------------
| Tool Version     : Vivado v.2016.4 (win64) Build 1756540 Mon Jan 23 19:11:23 MST 2017
| Date             : Thu Oct 26 14:56:22 2017
| Host             : Dear-pc running 64-bit major release  (build 9200)
| Command          : report_power -file ComputerSystemC_power_routed.rpt -pb ComputerSystemC_power_summary_routed.pb -rpx ComputerSystemC_power_routed.rpx
| Design           : ComputerSystemC
| Device           : xc7a35tcpg236-1
| Design State     : routed
| Grade            : commercial
| Process          : typical
| Characterization : Production
-------------------------------------------------------------------------------------------------------------------------------------------------------------------

Power Report

Table of Contents
-----------------
1. Summary
1.1 On-Chip Components
1.2 Power Supply Summary
1.3 Confidence Level
2. Settings
2.1 Environment
2.2 Clock Constraints
3. Detailed Reports
3.1 By Hierarchy

1. Summary
----------

+--------------------------+----------------------------------+
| Total On-Chip Power (W)  | 42.242 (Junction temp exceeded!) |
| Dynamic (W)              | 41.756                           |
| Device Static (W)        | 0.486                            |
| Effective TJA (C/W)      | 5.0                              |
| Max Ambient (C)          | 0.0                              |
| Junction Temperature (C) | 125.0                            |
| Confidence Level         | Low                              |
| Setting File             | ---                              |
| Simulation Activity File | ---                              |
| Design Nets Matched      | NA                               |
+--------------------------+----------------------------------+


1.1 On-Chip Components
----------------------

+--------------------------+-----------+----------+-----------+-----------------+
| On-Chip                  | Power (W) | Used     | Available | Utilization (%) |
+--------------------------+-----------+----------+-----------+-----------------+
| Slice Logic              |     3.988 |     1025 |       --- |             --- |
|   LUT as Logic           |     3.635 |      552 |     20800 |            2.65 |
|   LUT as Distributed RAM |     0.143 |       32 |      9600 |            0.33 |
|   CARRY4                 |     0.079 |       28 |      8150 |            0.34 |
|   Register               |     0.063 |      208 |     41600 |            0.50 |
|   F7/F8 Muxes            |     0.039 |       32 |     32600 |            0.10 |
|   BUFG                   |     0.029 |        2 |        32 |            6.25 |
|   Others                 |     0.000 |       23 |       --- |             --- |
| Signals                  |     4.558 |      857 |       --- |             --- |
| I/O                      |    33.210 |       29 |       106 |           27.36 |
| Static Power             |     0.486 |          |           |                 |
| Total                    |    42.242 |          |           |                 |
+--------------------------+-----------+----------+-----------+-----------------+


1.2 Power Supply Summary
------------------------

+-----------+-------------+-----------+-------------+------------+
| Source    | Voltage (V) | Total (A) | Dynamic (A) | Static (A) |
+-----------+-------------+-----------+-------------+------------+
| Vccint    |       1.000 |     8.907 |       8.566 |      0.341 |
| Vccaux    |       1.800 |     1.270 |       1.216 |      0.053 |
| Vcco33    |       3.300 |     9.395 |       9.394 |      0.001 |
| Vcco25    |       2.500 |     0.000 |       0.000 |      0.000 |
| Vcco18    |       1.800 |     0.000 |       0.000 |      0.000 |
| Vcco15    |       1.500 |     0.000 |       0.000 |      0.000 |
| Vcco135   |       1.350 |     0.000 |       0.000 |      0.000 |
| Vcco12    |       1.200 |     0.000 |       0.000 |      0.000 |
| Vccaux_io |       1.800 |     0.000 |       0.000 |      0.000 |
| Vccbram   |       1.000 |     0.010 |       0.000 |      0.010 |
| MGTAVcc   |       1.000 |     0.000 |       0.000 |      0.000 |
| MGTAVtt   |       1.200 |     0.000 |       0.000 |      0.000 |
| Vccadc    |       1.800 |     0.020 |       0.000 |      0.020 |
+-----------+-------------+-----------+-------------+------------+


1.3 Confidence Level
--------------------

+-----------------------------+------------+--------------------------------------------------------+--------------------------------------------------------------------------------------------------------------------+
| User Input Data             | Confidence | Details                                                | Action                                                                                                             |
+-----------------------------+------------+--------------------------------------------------------+--------------------------------------------------------------------------------------------------------------------+
| Design implementation state | High       | Design is routed                                       |                                                                                                                    |
| Clock nodes activity        | Low        | User specified less than 75% of clocks                 | Provide missing clock activity with a constraint file, simulation results or by editing the "By Clock Domain" view |
| I/O nodes activity          | Low        | More than 75% of inputs are missing user specification | Provide missing input activity with simulation results or by editing the "By Resource Type -> I/Os" view           |
| Internal nodes activity     | Medium     | User specified less than 25% of internal nodes         | Provide missing internal nodes activity with simulation results or by editing the "By Resource Type" views         |
| Device models               | High       | Device models are Production                           |                                                                                                                    |
|                             |            |                                                        |                                                                                                                    |
| Overall confidence level    | Low        |                                                        |                                                                                                                    |
+-----------------------------+------------+--------------------------------------------------------+--------------------------------------------------------------------------------------------------------------------+


2. Settings
-----------

2.1 Environment
---------------

+-----------------------+--------------------------+
| Ambient Temp (C)      | 25.0                     |
| ThetaJA (C/W)         | 5.0                      |
| Airflow (LFM)         | 250                      |
| Heat Sink             | medium (Medium Profile)  |
| ThetaSA (C/W)         | 4.6                      |
| Board Selection       | medium (10"x10")         |
| # of Board Layers     | 12to15 (12 to 15 Layers) |
| Board Temperature (C) | 25.0                     |
+-----------------------+--------------------------+


2.2 Clock Constraints
---------------------

+-------+--------+-----------------+
| Clock | Domain | Constraint (ns) |
+-------+--------+-----------------+


3. Detailed Reports
-------------------

3.1 By Hierarchy
----------------

+-------------------------------------+-----------+
| Name                                | Power (W) |
+-------------------------------------+-----------+
| ComputerSystemC                     |    41.756 |
|   ALU                               |     0.395 |
|   Flag                              |     0.175 |
|   FreqDiv_250Hz                     |     0.252 |
|   IO_connector2                     |     0.128 |
|   LED_Block                         |     0.023 |
|     FlagPulse1                      |     0.023 |
|   RAM                               |     0.243 |
|     RAM1                            |     0.243 |
|       U0                            |     0.243 |
|         synth_options.dist_mem_inst |     0.243 |
|           gen_sp_ram.spram_inst     |     0.243 |
|             ram_reg_0_255_0_0       |     0.028 |
|             ram_reg_0_255_1_1       |     0.026 |
|             ram_reg_0_255_2_2       |     0.023 |
|             ram_reg_0_255_3_3       |     0.023 |
|             ram_reg_0_255_4_4       |     0.031 |
|             ram_reg_0_255_5_5       |     0.030 |
|             ram_reg_0_255_6_6       |     0.027 |
|             ram_reg_0_255_7_7       |     0.028 |
|   ROM3                              |     1.410 |
|     U0                              |     1.410 |
|       synth_options.dist_mem_inst   |     1.410 |
|         gen_rom.rom_inst            |     1.410 |
|   Reg                               |     3.844 |
|   SignalExtend                      |     0.463 |
|   instrconunit                      |     0.638 |
|   key_scan                          |     0.409 |
|     FlagPulse                       |     0.027 |
|     FlagPulse2                      |     0.023 |
|     Key_Driver                      |     0.195 |
|     NumInput                        |     0.095 |
|     NumSelect                       |     0.050 |
|     OP_state1                       |     0.002 |
|     PreKey                          |     0.018 |
|   seg                               |     0.458 |
+-------------------------------------+-----------+


