
*** Running vivado
    with args -log rom_256_16.vds -m64 -product Vivado -mode batch -messageDb vivado.pb -notrace -source rom_256_16.tcl


****** Vivado v2016.4 (64-bit)
  **** SW Build 1756540 on Mon Jan 23 19:11:23 MST 2017
  **** IP Build 1755317 on Mon Jan 23 20:30:07 MST 2017
    ** Copyright 1986-2016 Xilinx, Inc. All Rights Reserved.

source rom_256_16.tcl -notrace
Starting RTL Elaboration : Time (s): cpu = 00:00:09 ; elapsed = 00:00:10 . Memory (MB): peak = 344.281 ; gain = 134.980
INFO: [Synth 8-638] synthesizing module 'rom_256_16' [f:/VivadoProject/ComputerSystem/ComputerSystem.srcs/sources_1/ip/rom_256_16/synth/rom_256_16.vhd:66]
INFO: [Synth 8-256] done synthesizing module 'rom_256_16' (4#1) [f:/VivadoProject/ComputerSystem/ComputerSystem.srcs/sources_1/ip/rom_256_16/synth/rom_256_16.vhd:66]
Finished RTL Elaboration : Time (s): cpu = 00:00:13 ; elapsed = 00:00:15 . Memory (MB): peak = 416.332 ; gain = 207.031
Finished RTL Optimization Phase 1 : Time (s): cpu = 00:00:13 ; elapsed = 00:00:15 . Memory (MB): peak = 416.332 ; gain = 207.031
INFO: [Device 21-403] Loading part xc7a35tcpg236-1
Constraint Validation Runtime : Time (s): cpu = 00:00:00 ; elapsed = 00:00:00.108 . Memory (MB): peak = 590.371 ; gain = 0.000
Finished Constraint Validation : Time (s): cpu = 00:00:21 ; elapsed = 00:00:24 . Memory (MB): peak = 590.371 ; gain = 381.070
Finished Loading Part and Timing Information : Time (s): cpu = 00:00:21 ; elapsed = 00:00:24 . Memory (MB): peak = 590.371 ; gain = 381.070
Finished applying 'set_property' XDC Constraints : Time (s): cpu = 00:00:21 ; elapsed = 00:00:24 . Memory (MB): peak = 590.371 ; gain = 381.070
Finished RTL Optimization Phase 2 : Time (s): cpu = 00:00:21 ; elapsed = 00:00:24 . Memory (MB): peak = 590.371 ; gain = 381.070
Finished Cross Boundary and Area Optimization : Time (s): cpu = 00:00:23 ; elapsed = 00:00:26 . Memory (MB): peak = 604.543 ; gain = 395.242
---------------------------------------------------------------------------------
Start ROM, RAM, DSP and Shift Register Reporting
---------------------------------------------------------------------------------

ROM:
+---------------------+-------------------------------------------------------+---------------+----------------+
|Module Name          | RTL Object                                            | Depth x Width | Implemented As | 
+---------------------+-------------------------------------------------------+---------------+----------------+
|rom                  | rom[255]                                              | 256x16        | LUT            | 
|dist_mem_gen_v8_0_11 | synth_options.dist_mem_inst/gen_rom.rom_inst/rom[255] | 256x16        | LUT            | 
+---------------------+-------------------------------------------------------+---------------+----------------+

---------------------------------------------------------------------------------
Finished ROM, RAM, DSP and Shift Register Reporting
---------------------------------------------------------------------------------
Finished Applying XDC Timing Constraints : Time (s): cpu = 00:00:32 ; elapsed = 00:00:35 . Memory (MB): peak = 625.094 ; gain = 415.793
Finished Timing Optimization : Time (s): cpu = 00:00:32 ; elapsed = 00:00:35 . Memory (MB): peak = 625.094 ; gain = 415.793
Finished Technology Mapping : Time (s): cpu = 00:00:32 ; elapsed = 00:00:35 . Memory (MB): peak = 645.387 ; gain = 436.086
Finished IO Insertion : Time (s): cpu = 00:00:33 ; elapsed = 00:00:36 . Memory (MB): peak = 645.387 ; gain = 436.086
Finished Renaming Generated Instances : Time (s): cpu = 00:00:33 ; elapsed = 00:00:36 . Memory (MB): peak = 645.387 ; gain = 436.086
Finished Rebuilding User Hierarchy : Time (s): cpu = 00:00:33 ; elapsed = 00:00:36 . Memory (MB): peak = 645.387 ; gain = 436.086
Finished Renaming Generated Ports : Time (s): cpu = 00:00:33 ; elapsed = 00:00:36 . Memory (MB): peak = 645.387 ; gain = 436.086
Finished Handling Custom Attributes : Time (s): cpu = 00:00:33 ; elapsed = 00:00:36 . Memory (MB): peak = 645.387 ; gain = 436.086
Finished Renaming Generated Nets : Time (s): cpu = 00:00:33 ; elapsed = 00:00:36 . Memory (MB): peak = 645.387 ; gain = 436.086

Report Cell Usage: 
+------+-----+------+
|      |Cell |Count |
+------+-----+------+
|1     |LUT4 |     4|
|2     |LUT5 |     9|
|3     |LUT6 |    40|
+------+-----+------+
Finished Writing Synthesis Report : Time (s): cpu = 00:00:33 ; elapsed = 00:00:36 . Memory (MB): peak = 645.387 ; gain = 436.086
synth_design: Time (s): cpu = 00:00:29 ; elapsed = 00:00:31 . Memory (MB): peak = 670.172 ; gain = 403.289
