
*** Running vivado
    with args -log ComputerSystemEx_INIT_ROM.vds -m64 -product Vivado -mode batch -messageDb vivado.pb -notrace -source ComputerSystemEx_INIT_ROM.tcl


****** Vivado v2016.4 (64-bit)
  **** SW Build 1756540 on Mon Jan 23 19:11:23 MST 2017
  **** IP Build 1755317 on Mon Jan 23 20:30:07 MST 2017
    ** Copyright 1986-2016 Xilinx, Inc. All Rights Reserved.

source ComputerSystemEx_INIT_ROM.tcl -notrace
Starting RTL Elaboration : Time (s): cpu = 00:00:09 ; elapsed = 00:00:10 . Memory (MB): peak = 345.051 ; gain = 135.770
INFO: [Synth 8-638] synthesizing module 'ComputerSystemEx_INIT_ROM' [f:/VivadoProject/ComputerSystem/ComputerSystem.srcs/sources_1/ip/ComputerSystemEx_INIT_ROM/synth/ComputerSystemEx_INIT_ROM.vhd:66]
INFO: [Synth 8-256] done synthesizing module 'ComputerSystemEx_INIT_ROM' (4#1) [f:/VivadoProject/ComputerSystem/ComputerSystem.srcs/sources_1/ip/ComputerSystemEx_INIT_ROM/synth/ComputerSystemEx_INIT_ROM.vhd:66]
Finished RTL Elaboration : Time (s): cpu = 00:00:13 ; elapsed = 00:00:15 . Memory (MB): peak = 416.234 ; gain = 206.953
Finished RTL Optimization Phase 1 : Time (s): cpu = 00:00:13 ; elapsed = 00:00:15 . Memory (MB): peak = 416.234 ; gain = 206.953
INFO: [Device 21-403] Loading part xc7a35tcpg236-1
Constraint Validation Runtime : Time (s): cpu = 00:00:00 ; elapsed = 00:00:00.023 . Memory (MB): peak = 589.359 ; gain = 0.000
Finished Constraint Validation : Time (s): cpu = 00:00:22 ; elapsed = 00:00:24 . Memory (MB): peak = 589.359 ; gain = 380.078
Finished Loading Part and Timing Information : Time (s): cpu = 00:00:22 ; elapsed = 00:00:24 . Memory (MB): peak = 589.359 ; gain = 380.078
Finished applying 'set_property' XDC Constraints : Time (s): cpu = 00:00:22 ; elapsed = 00:00:24 . Memory (MB): peak = 589.359 ; gain = 380.078
Finished RTL Optimization Phase 2 : Time (s): cpu = 00:00:22 ; elapsed = 00:00:24 . Memory (MB): peak = 589.359 ; gain = 380.078
Finished Cross Boundary and Area Optimization : Time (s): cpu = 00:00:22 ; elapsed = 00:00:25 . Memory (MB): peak = 602.238 ; gain = 392.957
---------------------------------------------------------------------------------
Start ROM, RAM, DSP and Shift Register Reporting
---------------------------------------------------------------------------------

ROM:
+---------------------+-------------------------------------------------------+---------------+----------------+
|Module Name          | RTL Object                                            | Depth x Width | Implemented As | 
+---------------------+-------------------------------------------------------+---------------+----------------+
|rom                  | rom[255]                                              | 256x16        | LUT            | 
|dist_mem_gen_v8_0_11 | synth_options.dist_mem_inst/gen_rom.rom_inst/rom[255] | 256x16        | LUT            | 
+---------------------+-------------------------------------------------------+---------------+----------------+

---------------------------------------------------------------------------------
Finished ROM, RAM, DSP and Shift Register Reporting
---------------------------------------------------------------------------------
Finished Applying XDC Timing Constraints : Time (s): cpu = 00:00:33 ; elapsed = 00:00:36 . Memory (MB): peak = 623.082 ; gain = 413.801
Finished Timing Optimization : Time (s): cpu = 00:00:33 ; elapsed = 00:00:36 . Memory (MB): peak = 623.082 ; gain = 413.801
Finished Technology Mapping : Time (s): cpu = 00:00:33 ; elapsed = 00:00:37 . Memory (MB): peak = 632.770 ; gain = 423.488
Finished IO Insertion : Time (s): cpu = 00:00:34 ; elapsed = 00:00:37 . Memory (MB): peak = 632.770 ; gain = 423.488
Finished Renaming Generated Instances : Time (s): cpu = 00:00:34 ; elapsed = 00:00:37 . Memory (MB): peak = 632.770 ; gain = 423.488
Finished Rebuilding User Hierarchy : Time (s): cpu = 00:00:34 ; elapsed = 00:00:37 . Memory (MB): peak = 632.770 ; gain = 423.488
Finished Renaming Generated Ports : Time (s): cpu = 00:00:34 ; elapsed = 00:00:37 . Memory (MB): peak = 632.770 ; gain = 423.488
Finished Handling Custom Attributes : Time (s): cpu = 00:00:34 ; elapsed = 00:00:37 . Memory (MB): peak = 632.770 ; gain = 423.488
Finished Renaming Generated Nets : Time (s): cpu = 00:00:34 ; elapsed = 00:00:37 . Memory (MB): peak = 632.770 ; gain = 423.488

Report Cell Usage: 
+------+-----+------+
|      |Cell |Count |
+------+-----+------+
|1     |LUT3 |     2|
|2     |LUT5 |     1|
|3     |LUT6 |     1|
+------+-----+------+
Finished Writing Synthesis Report : Time (s): cpu = 00:00:34 ; elapsed = 00:00:37 . Memory (MB): peak = 632.770 ; gain = 423.488
synth_design: Time (s): cpu = 00:00:31 ; elapsed = 00:00:33 . Memory (MB): peak = 657.582 ; gain = 390.684
