Unable to capture context for thread 6620 in process 4764, can not generate back trace
Unable to capture context for thread 6592 in process 4764, can not generate back trace
Exception at PC 0x00007FF80B41BB93
Printing stacktrace...

Exception at PC 0x00007FF8539D95FC
Exception at PC 0x00007FF8539D95FC
Exception at PC 0x00007FF8539D95FC
Exception at PC 0x00007FF8539D95FC
Exception at PC 0x00007FF8539D95FC
Exception at PC 0x00007FF8539D95FC
Exception at PC 0x00007FF8539D95FC
Exception at PC 0x00007FF8539D95FC
Exception at PC 0x00007FF8539D95FC
Exception at PC 0x00007FF8539D95FC
Exception at PC 0x00007FF8539D95FC
Exception at PC 0x00007FF8539D95FC
Exception at PC 0x00007FF8539D95FC
Exception at PC 0x00007FF8539D95FC
Exception at PC 0x00007FF8539D95FC
Exception at PC 0x00007FF8539D95FC
Exception at PC 0x00007FF8539D95FC
Exception at PC 0x00007FF8539D95FC
[0]  [0x00007FF80B41BB93]
[1]  [0x00007FF80B41BB93]
[2]  [0x00007FF80B41B4A1]
[3]  [0x00007FF80B41B3EF]
[4]  [0x00007FF80B4019FE]
[5]  [0x00007FF80B400ED1]
[6]  [0x00007FF80B400D76]
[7]  [0x00007FF80B3A79F6]
[8]  [0x00007FF80B397AFB]
[9]  [0x00007FF80B4BE90A]
[10]  [0x00007FF80B4D9F87]
[11]  [0x00007FF80B4DA05F]
[12] (BaseThreadInitThunk+0xd) [0x00007FF85679168D]
[13] (RtlUserThreadStart+0x34) [0x00007FF856A954F4]
Done
