
*** Running vivado
    with args -log lpm_ram_256_8.vds -m64 -product Vivado -mode batch -messageDb vivado.pb -notrace -source lpm_ram_256_8.tcl


****** Vivado v2016.4 (64-bit)
  **** SW Build 1756540 on Mon Jan 23 19:11:23 MST 2017
  **** IP Build 1755317 on Mon Jan 23 20:30:07 MST 2017
    ** Copyright 1986-2016 Xilinx, Inc. All Rights Reserved.

source lpm_ram_256_8.tcl -notrace
Starting RTL Elaboration : Time (s): cpu = 00:00:07 ; elapsed = 00:00:09 . Memory (MB): peak = 335.805 ; gain = 126.273
INFO: [Synth 8-638] synthesizing module 'lpm_ram_256_8' [f:/VivadoProject/ComputerSystem/ComputerSystem.srcs/sources_1/ip/lpm_ram_256_8/synth/lpm_ram_256_8.vhd:70]
INFO: [Synth 8-256] done synthesizing module 'lpm_ram_256_8' (4#1) [f:/VivadoProject/ComputerSystem/ComputerSystem.srcs/sources_1/ip/lpm_ram_256_8/synth/lpm_ram_256_8.vhd:70]
Finished RTL Elaboration : Time (s): cpu = 00:00:09 ; elapsed = 00:00:10 . Memory (MB): peak = 374.125 ; gain = 164.594
Finished RTL Optimization Phase 1 : Time (s): cpu = 00:00:09 ; elapsed = 00:00:11 . Memory (MB): peak = 374.125 ; gain = 164.594
INFO: [Device 21-403] Loading part xc7a35tcpg236-1
Constraint Validation Runtime : Time (s): cpu = 00:00:00 ; elapsed = 00:00:00.059 . Memory (MB): peak = 629.621 ; gain = 0.000
Finished Constraint Validation : Time (s): cpu = 00:00:17 ; elapsed = 00:00:20 . Memory (MB): peak = 629.621 ; gain = 420.090
Finished Loading Part and Timing Information : Time (s): cpu = 00:00:17 ; elapsed = 00:00:20 . Memory (MB): peak = 629.621 ; gain = 420.090
Finished applying 'set_property' XDC Constraints : Time (s): cpu = 00:00:17 ; elapsed = 00:00:20 . Memory (MB): peak = 629.621 ; gain = 420.090
Finished RTL Optimization Phase 2 : Time (s): cpu = 00:00:17 ; elapsed = 00:00:20 . Memory (MB): peak = 629.621 ; gain = 420.090
Finished Cross Boundary and Area Optimization : Time (s): cpu = 00:00:18 ; elapsed = 00:00:21 . Memory (MB): peak = 629.621 ; gain = 420.090
---------------------------------------------------------------------------------
Start ROM, RAM, DSP and Shift Register Reporting
---------------------------------------------------------------------------------

Distributed RAM: Preliminary Mapping  Report (see note below)
+---------------------+-----------------------------------------------------------+----------------+----------------------+-----------------+
|Module Name          | RTL Object                                                | Inference      | Size (Depth x Width) | Primitives      | 
+---------------------+-----------------------------------------------------------+----------------+----------------------+-----------------+
|dist_mem_gen_v8_0_11 | synth_options.dist_mem_inst/gen_sp_ram.spram_inst/ram_reg | User Attribute | 256 x 8              | RAM256X1S x 8   | 
+---------------------+-----------------------------------------------------------+----------------+----------------------+-----------------+

Note: The table above is a preliminary report that shows the Distributed RAMs at the current stage of the synthesis flow. Some Distributed RAMs may be reimplemented as non Distributed RAM primitives later in the synthesis flow. Multiple instantiated RAMs are reported only once.
---------------------------------------------------------------------------------
Finished ROM, RAM, DSP and Shift Register Reporting
---------------------------------------------------------------------------------
Finished Applying XDC Timing Constraints : Time (s): cpu = 00:00:27 ; elapsed = 00:00:31 . Memory (MB): peak = 629.621 ; gain = 420.090
Finished Timing Optimization : Time (s): cpu = 00:00:27 ; elapsed = 00:00:31 . Memory (MB): peak = 629.621 ; gain = 420.090
Finished Technology Mapping : Time (s): cpu = 00:00:27 ; elapsed = 00:00:31 . Memory (MB): peak = 630.684 ; gain = 421.152
Finished IO Insertion : Time (s): cpu = 00:00:28 ; elapsed = 00:00:31 . Memory (MB): peak = 630.684 ; gain = 421.152
Finished Renaming Generated Instances : Time (s): cpu = 00:00:28 ; elapsed = 00:00:31 . Memory (MB): peak = 630.684 ; gain = 421.152
Finished Rebuilding User Hierarchy : Time (s): cpu = 00:00:28 ; elapsed = 00:00:31 . Memory (MB): peak = 630.684 ; gain = 421.152
Finished Renaming Generated Ports : Time (s): cpu = 00:00:28 ; elapsed = 00:00:31 . Memory (MB): peak = 630.684 ; gain = 421.152
Finished Handling Custom Attributes : Time (s): cpu = 00:00:28 ; elapsed = 00:00:31 . Memory (MB): peak = 630.684 ; gain = 421.152
Finished Renaming Generated Nets : Time (s): cpu = 00:00:28 ; elapsed = 00:00:31 . Memory (MB): peak = 630.684 ; gain = 421.152

Report Cell Usage: 
+------+----------+------+
|      |Cell      |Count |
+------+----------+------+
|1     |RAM256X1S |     8|
|2     |FDCE      |     8|
+------+----------+------+
Finished Writing Synthesis Report : Time (s): cpu = 00:00:28 ; elapsed = 00:00:31 . Memory (MB): peak = 630.684 ; gain = 421.152
synth_design: Time (s): cpu = 00:00:26 ; elapsed = 00:00:28 . Memory (MB): peak = 645.863 ; gain = 384.703
