
*** Running vivado
    with args -log dist_mem_gen_2.vds -m64 -product Vivado -mode batch -messageDb vivado.pb -notrace -source dist_mem_gen_2.tcl


****** Vivado v2016.4 (64-bit)
  **** SW Build 1756540 on Mon Jan 23 19:11:23 MST 2017
  **** IP Build 1755317 on Mon Jan 23 20:30:07 MST 2017
    ** Copyright 1986-2016 Xilinx, Inc. All Rights Reserved.

source dist_mem_gen_2.tcl -notrace
Starting RTL Elaboration : Time (s): cpu = 00:00:08 ; elapsed = 00:00:10 . Memory (MB): peak = 336.148 ; gain = 126.594
INFO: [Synth 8-638] synthesizing module 'dist_mem_gen_2' [f:/VivadoProject/ComputerSystem/ComputerSystem.srcs/sources_1/ip/dist_mem_gen_2/synth/dist_mem_gen_2.vhd:66]
INFO: [Synth 8-256] done synthesizing module 'dist_mem_gen_2' (4#1) [f:/VivadoProject/ComputerSystem/ComputerSystem.srcs/sources_1/ip/dist_mem_gen_2/synth/dist_mem_gen_2.vhd:66]
Finished RTL Elaboration : Time (s): cpu = 00:00:12 ; elapsed = 00:00:14 . Memory (MB): peak = 407.461 ; gain = 197.906
Finished RTL Optimization Phase 1 : Time (s): cpu = 00:00:13 ; elapsed = 00:00:14 . Memory (MB): peak = 407.461 ; gain = 197.906
INFO: [Device 21-403] Loading part xc7a35tcpg236-1
Constraint Validation Runtime : Time (s): cpu = 00:00:00 ; elapsed = 00:00:00.009 . Memory (MB): peak = 580.438 ; gain = 0.000
Finished Constraint Validation : Time (s): cpu = 00:00:21 ; elapsed = 00:00:23 . Memory (MB): peak = 580.438 ; gain = 370.883
Finished Loading Part and Timing Information : Time (s): cpu = 00:00:21 ; elapsed = 00:00:23 . Memory (MB): peak = 580.438 ; gain = 370.883
Finished applying 'set_property' XDC Constraints : Time (s): cpu = 00:00:21 ; elapsed = 00:00:23 . Memory (MB): peak = 580.438 ; gain = 370.883
Finished RTL Optimization Phase 2 : Time (s): cpu = 00:00:21 ; elapsed = 00:00:23 . Memory (MB): peak = 580.438 ; gain = 370.883
Finished Cross Boundary and Area Optimization : Time (s): cpu = 00:00:21 ; elapsed = 00:00:24 . Memory (MB): peak = 592.285 ; gain = 382.730
---------------------------------------------------------------------------------
Start ROM, RAM, DSP and Shift Register Reporting
---------------------------------------------------------------------------------

ROM:
+---------------------+-------------------------------------------------------+---------------+----------------+
|Module Name          | RTL Object                                            | Depth x Width | Implemented As | 
+---------------------+-------------------------------------------------------+---------------+----------------+
|rom                  | rom[255]                                              | 256x16        | LUT            | 
|dist_mem_gen_v8_0_11 | synth_options.dist_mem_inst/gen_rom.rom_inst/rom[255] | 256x16        | LUT            | 
+---------------------+-------------------------------------------------------+---------------+----------------+

---------------------------------------------------------------------------------
Finished ROM, RAM, DSP and Shift Register Reporting
---------------------------------------------------------------------------------
Finished Applying XDC Timing Constraints : Time (s): cpu = 00:00:31 ; elapsed = 00:00:33 . Memory (MB): peak = 614.043 ; gain = 404.488
Finished Timing Optimization : Time (s): cpu = 00:00:31 ; elapsed = 00:00:33 . Memory (MB): peak = 614.043 ; gain = 404.488
Finished Technology Mapping : Time (s): cpu = 00:00:31 ; elapsed = 00:00:34 . Memory (MB): peak = 623.695 ; gain = 414.141
Finished IO Insertion : Time (s): cpu = 00:00:32 ; elapsed = 00:00:34 . Memory (MB): peak = 623.695 ; gain = 414.141
Finished Renaming Generated Instances : Time (s): cpu = 00:00:32 ; elapsed = 00:00:34 . Memory (MB): peak = 623.695 ; gain = 414.141
Finished Rebuilding User Hierarchy : Time (s): cpu = 00:00:32 ; elapsed = 00:00:34 . Memory (MB): peak = 623.695 ; gain = 414.141
Finished Renaming Generated Ports : Time (s): cpu = 00:00:32 ; elapsed = 00:00:34 . Memory (MB): peak = 623.695 ; gain = 414.141
Finished Handling Custom Attributes : Time (s): cpu = 00:00:32 ; elapsed = 00:00:34 . Memory (MB): peak = 623.695 ; gain = 414.141
Finished Renaming Generated Nets : Time (s): cpu = 00:00:32 ; elapsed = 00:00:34 . Memory (MB): peak = 623.695 ; gain = 414.141

Report Cell Usage: 
+------+-----+------+
|      |Cell |Count |
+------+-----+------+
|1     |LUT2 |     3|
|2     |LUT3 |     2|
|3     |LUT6 |     1|
+------+-----+------+
Finished Writing Synthesis Report : Time (s): cpu = 00:00:32 ; elapsed = 00:00:34 . Memory (MB): peak = 623.695 ; gain = 414.141
synth_design: Time (s): cpu = 00:00:28 ; elapsed = 00:00:29 . Memory (MB): peak = 649.105 ; gain = 388.375
