Unable to capture context for thread 6664 in process 6216, can not generate back trace
Unable to capture context for thread 6244 in process 6216, can not generate back trace
Exception at PC 0x00007FFBBA25BB93
Printing stacktrace...

Exception at PC 0x00007FFC00CA95FC
Exception at PC 0x00007FFC00CA95FC
Exception at PC 0x00007FFC00CA95FC
Exception at PC 0x00007FFC00CA95FC
Exception at PC 0x00007FFC00CA95FC
Exception at PC 0x00007FFC00CA95FC
Exception at PC 0x00007FFC00CA95FC
Exception at PC 0x00007FFC00CA95FC
Exception at PC 0x00007FFC00CA95FC
Exception at PC 0x00007FFC00CA95FC
Exception at PC 0x00007FFC00CA95FC
Exception at PC 0x00007FFC00CA95FC
Exception at PC 0x00007FFC00CA95FC
Exception at PC 0x00007FFC00CA95FC
Exception at PC 0x00007FFC00CA95FC
Exception at PC 0x00007FFC00CA95FC
Exception at PC 0x00007FFC00CA95FC
Exception at PC 0x00007FFC00CA95FC
[0]  [0x00007FFBBA25BB93]
[1]  [0x00007FFBBA25BB93]
[2]  [0x00007FFBBA25B4A1]
[3]  [0x00007FFBBA25B3EF]
[4]  [0x00007FFBBA2419FE]
[5]  [0x00007FFBBA240ED1]
[6]  [0x00007FFBBA240D76]
[7]  [0x00007FFBBA1E79F6]
[8]  [0x00007FFBBA1D7AFB]
[9]  [0x00007FFBBA2FE90A]
[10]  [0x00007FFBBA319F87]
[11]  [0x00007FFBBA31A05F]
[12] (BaseThreadInitThunk+0xd) [0x00007FFC011D168D]
[13] (RtlUserThreadStart+0x34) [0x00007FFC03BF54F4]
Done
